15:48:18 **** Incremental Build of configuration Debug for project CAN Talon SRX ****
Info: Internal Builder is used for build
arm-frc-linux-gnueabi-g++ -std=c++1y "-IC:\\Users\\Bonnie/wpilib/cpp/current/include" "-IC:\\Users\\Bonnie\\Documents\\GitHub\\2016\\CAN Talon SRX\\src" -O0 -g3 -Wall -c -fmessage-length=0 -o "src\\Robot.o" "..\\src\\Robot.cpp" 
arm-frc-linux-gnueabi-g++ "-LC:\\Users\\Bonnie/wpilib/cpp/current/lib" -Wl,-rpath,/opt/GenICam_v2_3/bin/Linux_armv7-a,-rpath,/usr/local/frc/rpath-lib -o FRCUserProgram "src\\Robot.o" -lwpi 
Info: Nothing to build for CAN Talon SRX
Info: Nothing to build for CAN Talon SRX
Info: Nothing to build for Iterative_Robot
18:29:24 **** Incremental Build of configuration Debug for project CAN Talon SRX ****
Info: Internal Builder is used for build
arm-frc-linux-gnueabi-g++ -std=c++1y "-IC:\\Users\\Bonnie/wpilib/cpp/current/include" "-IC:\\Users\\Bonnie\\Documents\\GitHub\\2016\\CAN Talon SRX\\src" -O0 -g3 -Wall -c -fmessage-length=0 -o "src\\Robot.o" "..\\src\\Robot.cpp" 
arm-frc-linux-gnueabi-g++ "-LC:\\Users\\Bonnie/wpilib/cpp/current/lib" -Wl,-rpath,/opt/GenICam_v2_3/bin/Linux_armv7-a,-rpath,/usr/local/frc/rpath-lib -o FRCUserProgram "src\\Robot.o" -lwpi 
Info: Nothing to build for CAN Talon SRX
18:29:36 **** Incremental Build of configuration Debug for project Iterative_Robot ****
Info: Internal Builder is used for build
arm-frc-linux-gnueabi-g++ -std=c++1y "-IC:\\Users\\Bonnie/wpilib/cpp/current/include" "-IC:\\Users\\Bonnie\\Documents\\GitHub\\2016\\Iterative_Robot\\src" -O0 -g3 -Wall -c -fmessage-length=0 -o "src\\VisionSystem.o" "..\\src\\VisionSystem.cpp" 
arm-frc-linux-gnueabi-g++ -std=c++1y "-IC:\\Users\\Bonnie/wpilib/cpp/current/include" "-IC:\\Users\\Bonnie\\Documents\\GitHub\\2016\\Iterative_Robot\\src" -O0 -g3 -Wall -c -fmessage-length=0 -o "src\\Robot.o" "..\\src\\Robot.cpp" 
arm-frc-linux-gnueabi-g++ "-LC:\\Users\\Bonnie/wpilib/cpp/current/lib" -Wl,-rpath,/opt/GenICam_v2_3/bin/Linux_armv7-a,-rpath,/usr/local/frc/rpath-lib -o FRCUserProgram "src\\Robot.o" "src\\VisionSystem.o" -lwpi 
18:32:28 **** Incremental Build of configuration Debug for project CAN Talon SRX ****
Info: Internal Builder is used for build
arm-frc-linux-gnueabi-g++ -std=c++1y "-IC:\\Users\\Bonnie/wpilib/cpp/current/include" "-IC:\\Users\\Bonnie\\Documents\\GitHub\\2016\\CAN Talon SRX\\src" -O0 -g3 -Wall -c -fmessage-length=0 -o "src\\Robot.o" "..\\src\\Robot.cpp" 
arm-frc-linux-gnueabi-g++ "-LC:\\Users\\Bonnie/wpilib/cpp/current/lib" -Wl,-rpath,/opt/GenICam_v2_3/bin/Linux_armv7-a,-rpath,/usr/local/frc/rpath-lib -o FRCUserProgram "src\\Robot.o" -lwpi 
Info: Nothing to build for CAN Talon SRX
Info: Nothing to build for Iterative_Robot
18:39:11 **** Incremental Build of configuration Debug for project CAN Talon SRX ****
Info: Internal Builder is used for build
arm-frc-linux-gnueabi-g++ -std=c++1y "-IC:\\Users\\Bonnie/wpilib/cpp/current/include" "-IC:\\Users\\Bonnie\\Documents\\GitHub\\2016\\CAN Talon SRX\\src" -O0 -g3 -Wall -c -fmessage-length=0 -o "src\\Robot.o" "..\\src\\Robot.cpp" 
arm-frc-linux-gnueabi-g++ "-LC:\\Users\\Bonnie/wpilib/cpp/current/lib" -Wl,-rpath,/opt/GenICam_v2_3/bin/Linux_armv7-a,-rpath,/usr/local/frc/rpath-lib -o FRCUserProgram "src\\Robot.o" -lwpi 
Info: Nothing to build for CAN Talon SRX
18:40:33 **** Incremental Build of configuration Debug for project CAN Talon SRX ****
Info: Internal Builder is used for build
arm-frc-linux-gnueabi-g++ -std=c++1y "-IC:\\Users\\Bonnie/wpilib/cpp/current/include" "-IC:\\Users\\Bonnie\\Documents\\GitHub\\2016\\CAN Talon SRX\\src" -O0 -g3 -Wall -c -fmessage-length=0 -o "src\\Robot.o" "..\\src\\Robot.cpp" 
arm-frc-linux-gnueabi-g++ "-LC:\\Users\\Bonnie/wpilib/cpp/current/lib" -Wl,-rpath,/opt/GenICam_v2_3/bin/Linux_armv7-a,-rpath,/usr/local/frc/rpath-lib -o FRCUserProgram "src\\Robot.o" -lwpi 
Info: Nothing to build for Iterative_Robot
18:43:39 **** Incremental Build of configuration Debug for project CAN Talon SRX ****
Info: Internal Builder is used for build
arm-frc-linux-gnueabi-g++ -std=c++1y "-IC:\\Users\\Bonnie/wpilib/cpp/current/include" "-IC:\\Users\\Bonnie\\Documents\\GitHub\\2016\\CAN Talon SRX\\src" -O0 -g3 -Wall -c -fmessage-length=0 -o "src\\Robot.o" "..\\src\\Robot.cpp" 
arm-frc-linux-gnueabi-g++ "-LC:\\Users\\Bonnie/wpilib/cpp/current/lib" -Wl,-rpath,/opt/GenICam_v2_3/bin/Linux_armv7-a,-rpath,/usr/local/frc/rpath-lib -o FRCUserProgram "src\\Robot.o" -lwpi 
Info: Nothing to build for CAN Talon SRX
Info: Nothing to build for Iterative_Robot
18:47:18 **** Incremental Build of configuration Debug for project CAN Talon SRX ****
Info: Internal Builder is used for build
arm-frc-linux-gnueabi-g++ -std=c++1y "-IC:\\Users\\Bonnie/wpilib/cpp/current/include" "-IC:\\Users\\Bonnie\\Documents\\GitHub\\2016\\CAN Talon SRX\\src" -O0 -g3 -Wall -c -fmessage-length=0 -o "src\\Robot.o" "..\\src\\Robot.cpp" 
arm-frc-linux-gnueabi-g++ "-LC:\\Users\\Bonnie/wpilib/cpp/current/lib" -Wl,-rpath,/opt/GenICam_v2_3/bin/Linux_armv7-a,-rpath,/usr/local/frc/rpath-lib -o FRCUserProgram "src\\Robot.o" -lwpi 
Info: Nothing to build for CAN Talon SRX
Info: Nothing to build for Iterative_Robot
18:53:43 **** Incremental Build of configuration Debug for project CAN Talon SRX ****
Info: Internal Builder is used for build
arm-frc-linux-gnueabi-g++ -std=c++1y "-IC:\\Users\\Bonnie/wpilib/cpp/current/include" "-IC:\\Users\\Bonnie\\Documents\\GitHub\\2016\\CAN Talon SRX\\src" -O0 -g3 -Wall -c -fmessage-length=0 -o "src\\Robot.o" "..\\src\\Robot.cpp" 
arm-frc-linux-gnueabi-g++ "-LC:\\Users\\Bonnie/wpilib/cpp/current/lib" -Wl,-rpath,/opt/GenICam_v2_3/bin/Linux_armv7-a,-rpath,/usr/local/frc/rpath-lib -o FRCUserProgram "src\\Robot.o" -lwpi 
Info: Nothing to build for CAN Talon SRX
Info: Nothing to build for Iterative_Robot
Info: Nothing to build for CAN Talon SRX
19:06:41 **** Incremental Build of configuration Debug for project CAN Talon SRX ****
Info: Internal Builder is used for build
arm-frc-linux-gnueabi-g++ -std=c++1y "-IC:\\Users\\Bonnie/wpilib/cpp/current/include" "-IC:\\Users\\Bonnie\\Documents\\GitHub\\2016\\CAN Talon SRX\\src" -O0 -g3 -Wall -c -fmessage-length=0 -o "src\\Robot.o" "..\\src\\Robot.cpp" 
arm-frc-linux-gnueabi-g++ "-LC:\\Users\\Bonnie/wpilib/cpp/current/lib" -Wl,-rpath,/opt/GenICam_v2_3/bin/Linux_armv7-a,-rpath,/usr/local/frc/rpath-lib -o FRCUserProgram "src\\Robot.o" -lwpi 
Info: Nothing to build for Iterative_Robot
19:08:50 **** Incremental Build of configuration Debug for project CAN Talon SRX ****
Info: Internal Builder is used for build
arm-frc-linux-gnueabi-g++ -std=c++1y "-IC:\\Users\\Bonnie/wpilib/cpp/current/include" "-IC:\\Users\\Bonnie\\Documents\\GitHub\\2016\\CAN Talon SRX\\src" -O0 -g3 -Wall -c -fmessage-length=0 -o "src\\Robot.o" "..\\src\\Robot.cpp" 
arm-frc-linux-gnueabi-g++ "-LC:\\Users\\Bonnie/wpilib/cpp/current/lib" -Wl,-rpath,/opt/GenICam_v2_3/bin/Linux_armv7-a,-rpath,/usr/local/frc/rpath-lib -o FRCUserProgram "src\\Robot.o" -lwpi 
Info: Nothing to build for CAN Talon SRX
Info: Nothing to build for Iterative_Robot
19:10:21 **** Incremental Build of configuration Debug for project CAN Talon SRX ****
Info: Internal Builder is used for build
arm-frc-linux-gnueabi-g++ -std=c++1y "-IC:\\Users\\Bonnie/wpilib/cpp/current/include" "-IC:\\Users\\Bonnie\\Documents\\GitHub\\2016\\CAN Talon SRX\\src" -O0 -g3 -Wall -c -fmessage-length=0 -o "src\\Robot.o" "..\\src\\Robot.cpp" 
arm-frc-linux-gnueabi-g++ "-LC:\\Users\\Bonnie/wpilib/cpp/current/lib" -Wl,-rpath,/opt/GenICam_v2_3/bin/Linux_armv7-a,-rpath,/usr/local/frc/rpath-lib -o FRCUserProgram "src\\Robot.o" -lwpi 
Info: Nothing to build for CAN Talon SRX
Info: Nothing to build for Iterative_Robot
19:15:44 **** Incremental Build of configuration Debug for project CAN Talon SRX ****
Info: Internal Builder is used for build
arm-frc-linux-gnueabi-g++ -std=c++1y "-IC:\\Users\\Bonnie/wpilib/cpp/current/include" "-IC:\\Users\\Bonnie\\Documents\\GitHub\\2016\\CAN Talon SRX\\src" -O0 -g3 -Wall -c -fmessage-length=0 -o "src\\Robot.o" "..\\src\\Robot.cpp" 
arm-frc-linux-gnueabi-g++ "-LC:\\Users\\Bonnie/wpilib/cpp/current/lib" -Wl,-rpath,/opt/GenICam_v2_3/bin/Linux_armv7-a,-rpath,/usr/local/frc/rpath-lib -o FRCUserProgram "src\\Robot.o" -lwpi 
Info: Nothing to build for CAN Talon SRX
Info: Nothing to build for Iterative_Robot
19:17:24 **** Incremental Build of configuration Debug for project CAN Talon SRX ****
Info: Internal Builder is used for build
arm-frc-linux-gnueabi-g++ -std=c++1y "-IC:\\Users\\Bonnie/wpilib/cpp/current/include" "-IC:\\Users\\Bonnie\\Documents\\GitHub\\2016\\CAN Talon SRX\\src" -O0 -g3 -Wall -c -fmessage-length=0 -o "src\\Robot.o" "..\\src\\Robot.cpp" 
arm-frc-linux-gnueabi-g++ "-LC:\\Users\\Bonnie/wpilib/cpp/current/lib" -Wl,-rpath,/opt/GenICam_v2_3/bin/Linux_armv7-a,-rpath,/usr/local/frc/rpath-lib -o FRCUserProgram "src\\Robot.o" -lwpi 
Info: Nothing to build for CAN Talon SRX
Info: Nothing to build for Iterative_Robot
19:18:38 **** Incremental Build of configuration Debug for project CAN Talon SRX ****
Info: Internal Builder is used for build
arm-frc-linux-gnueabi-g++ -std=c++1y "-IC:\\Users\\Bonnie/wpilib/cpp/current/include" "-IC:\\Users\\Bonnie\\Documents\\GitHub\\2016\\CAN Talon SRX\\src" -O0 -g3 -Wall -c -fmessage-length=0 -o "src\\Robot.o" "..\\src\\Robot.cpp" 
arm-frc-linux-gnueabi-g++ "-LC:\\Users\\Bonnie/wpilib/cpp/current/lib" -Wl,-rpath,/opt/GenICam_v2_3/bin/Linux_armv7-a,-rpath,/usr/local/frc/rpath-lib -o FRCUserProgram "src\\Robot.o" -lwpi 
Info: Nothing to build for CAN Talon SRX
Info: Nothing to build for Iterative_Robot
20:09:15 **** Incremental Build of configuration Debug for project CAN Talon SRX ****
Info: Internal Builder is used for build
arm-frc-linux-gnueabi-g++ -std=c++1y "-IC:\\Users\\Bonnie/wpilib/cpp/current/include" "-IC:\\Users\\Bonnie\\Documents\\GitHub\\2016\\CAN Talon SRX\\src" -O0 -g3 -Wall -c -fmessage-length=0 -o "src\\Robot.o" "..\\src\\Robot.cpp" 
arm-frc-linux-gnueabi-g++ "-LC:\\Users\\Bonnie/wpilib/cpp/current/lib" -Wl,-rpath,/opt/GenICam_v2_3/bin/Linux_armv7-a,-rpath,/usr/local/frc/rpath-lib -o FRCUserProgram "src\\Robot.o" -lwpi 
Info: Nothing to build for CAN Talon SRX
Info: Nothing to build for Iterative_Robot
Info: Nothing to build for CAN Talon SRX
20:11:30 **** Incremental Build of configuration Debug for project CAN Talon SRX ****
Info: Internal Builder is used for build
arm-frc-linux-gnueabi-g++ -std=c++1y "-IC:\\Users\\Bonnie/wpilib/cpp/current/include" "-IC:\\Users\\Bonnie\\Documents\\GitHub\\2016\\CAN Talon SRX\\src" -O0 -g3 -Wall -c -fmessage-length=0 -o "src\\Robot.o" "..\\src\\Robot.cpp" 
arm-frc-linux-gnueabi-g++ "-LC:\\Users\\Bonnie/wpilib/cpp/current/lib" -Wl,-rpath,/opt/GenICam_v2_3/bin/Linux_armv7-a,-rpath,/usr/local/frc/rpath-lib -o FRCUserProgram "src\\Robot.o" -lwpi 
Info: Nothing to build for Iterative_Robot
Info: Nothing to build for CAN Talon SRX
20:19:17 **** Incremental Build of configuration Debug for project CAN Talon SRX ****
Info: Internal Builder is used for build
arm-frc-linux-gnueabi-g++ -std=c++1y "-IC:\\Users\\Bonnie/wpilib/cpp/current/include" "-IC:\\Users\\Bonnie\\Documents\\GitHub\\2016\\CAN Talon SRX\\src" -O0 -g3 -Wall -c -fmessage-length=0 -o "src\\Robot.o" "..\\src\\Robot.cpp" 
arm-frc-linux-gnueabi-g++ "-LC:\\Users\\Bonnie/wpilib/cpp/current/lib" -Wl,-rpath,/opt/GenICam_v2_3/bin/Linux_armv7-a,-rpath,/usr/local/frc/rpath-lib -o FRCUserProgram "src\\Robot.o" -lwpi 
Info: Nothing to build for Iterative_Robot
Info: Nothing to build for CAN Talon SRX
20:23:10 **** Incremental Build of configuration Debug for project CAN Talon SRX ****
Info: Internal Builder is used for build
arm-frc-linux-gnueabi-g++ -std=c++1y "-IC:\\Users\\Bonnie/wpilib/cpp/current/include" "-IC:\\Users\\Bonnie\\Documents\\GitHub\\2016\\CAN Talon SRX\\src" -O0 -g3 -Wall -c -fmessage-length=0 -o "src\\Robot.o" "..\\src\\Robot.cpp" 
arm-frc-linux-gnueabi-g++ "-LC:\\Users\\Bonnie/wpilib/cpp/current/lib" -Wl,-rpath,/opt/GenICam_v2_3/bin/Linux_armv7-a,-rpath,/usr/local/frc/rpath-lib -o FRCUserProgram "src\\Robot.o" -lwpi 
Info: Nothing to build for Iterative_Robot
20:27:39 **** Incremental Build of configuration Debug for project CAN Talon SRX ****
Info: Internal Builder is used for build
arm-frc-linux-gnueabi-g++ -std=c++1y "-IC:\\Users\\Bonnie/wpilib/cpp/current/include" "-IC:\\Users\\Bonnie\\Documents\\GitHub\\2016\\CAN Talon SRX\\src" -O0 -g3 -Wall -c -fmessage-length=0 -o "src\\Robot.o" "..\\src\\Robot.cpp" 
arm-frc-linux-gnueabi-g++ "-LC:\\Users\\Bonnie/wpilib/cpp/current/lib" -Wl,-rpath,/opt/GenICam_v2_3/bin/Linux_armv7-a,-rpath,/usr/local/frc/rpath-lib -o FRCUserProgram "src\\Robot.o" -lwpi 
Info: Nothing to build for CAN Talon SRX
Info: Nothing to build for Iterative_Robot
20:30:36 **** Incremental Build of configuration Debug for project CAN Talon SRX ****
Info: Internal Builder is used for build
arm-frc-linux-gnueabi-g++ -std=c++1y "-IC:\\Users\\Bonnie/wpilib/cpp/current/include" "-IC:\\Users\\Bonnie\\Documents\\GitHub\\2016\\CAN Talon SRX\\src" -O0 -g3 -Wall -c -fmessage-length=0 -o "src\\Robot.o" "..\\src\\Robot.cpp" 
arm-frc-linux-gnueabi-g++ "-LC:\\Users\\Bonnie/wpilib/cpp/current/lib" -Wl,-rpath,/opt/GenICam_v2_3/bin/Linux_armv7-a,-rpath,/usr/local/frc/rpath-lib -o FRCUserProgram "src\\Robot.o" -lwpi 
Info: Nothing to build for CAN Talon SRX
Info: Nothing to build for Iterative_Robot
20:38:07 **** Incremental Build of configuration Debug for project CAN Talon SRX ****
Info: Internal Builder is used for build
arm-frc-linux-gnueabi-g++ -std=c++1y "-IC:\\Users\\Bonnie/wpilib/cpp/current/include" "-IC:\\Users\\Bonnie\\Documents\\GitHub\\2016\\CAN Talon SRX\\src" -O0 -g3 -Wall -c -fmessage-length=0 -o "src\\Robot.o" "..\\src\\Robot.cpp" 
..\src\Robot.cpp:52:86: error: empty character constant
     std::cout<<"end going up, armDown: "<<armDown<<" enc: "<<m_motor.Get()<<std::endl''
                                                                                      ^
..\src\Robot.cpp: In member function 'virtual void Robot::OperatorControl()':
..\src\Robot.cpp:52:86: error: expected ';' before '\x0'
20:39:07 **** Incremental Build of configuration Debug for project CAN Talon SRX ****
Info: Internal Builder is used for build
arm-frc-linux-gnueabi-g++ -std=c++1y "-IC:\\Users\\Bonnie/wpilib/cpp/current/include" "-IC:\\Users\\Bonnie\\Documents\\GitHub\\2016\\CAN Talon SRX\\src" -O0 -g3 -Wall -c -fmessage-length=0 -o "src\\Robot.o" "..\\src\\Robot.cpp" 
arm-frc-linux-gnueabi-g++ "-LC:\\Users\\Bonnie/wpilib/cpp/current/lib" -Wl,-rpath,/opt/GenICam_v2_3/bin/Linux_armv7-a,-rpath,/usr/local/frc/rpath-lib -o FRCUserProgram "src\\Robot.o" -lwpi 
Info: Nothing to build for CAN Talon SRX
Info: Nothing to build for Iterative_Robot
20:46:19 **** Incremental Build of configuration Debug for project CAN Talon SRX ****
Info: Internal Builder is used for build
arm-frc-linux-gnueabi-g++ -std=c++1y "-IC:\\Users\\Bonnie/wpilib/cpp/current/include" "-IC:\\Users\\Bonnie\\Documents\\GitHub\\2016\\CAN Talon SRX\\src" -O0 -g3 -Wall -c -fmessage-length=0 -o "src\\Robot.o" "..\\src\\Robot.cpp" 
arm-frc-linux-gnueabi-g++ "-LC:\\Users\\Bonnie/wpilib/cpp/current/lib" -Wl,-rpath,/opt/GenICam_v2_3/bin/Linux_armv7-a,-rpath,/usr/local/frc/rpath-lib -o FRCUserProgram "src\\Robot.o" -lwpi 
Info: Nothing to build for CAN Talon SRX
Info: Nothing to build for Iterative_Robot
20:48:39 **** Incremental Build of configuration Debug for project CAN Talon SRX ****
Info: Internal Builder is used for build
arm-frc-linux-gnueabi-g++ -std=c++1y "-IC:\\Users\\Bonnie/wpilib/cpp/current/include" "-IC:\\Users\\Bonnie\\Documents\\GitHub\\2016\\CAN Talon SRX\\src" -O0 -g3 -Wall -c -fmessage-length=0 -o "src\\Robot.o" "..\\src\\Robot.cpp" 
arm-frc-linux-gnueabi-g++ "-LC:\\Users\\Bonnie/wpilib/cpp/current/lib" -Wl,-rpath,/opt/GenICam_v2_3/bin/Linux_armv7-a,-rpath,/usr/local/frc/rpath-lib -o FRCUserProgram "src\\Robot.o" -lwpi 
Info: Nothing to build for CAN Talon SRX
Info: Nothing to build for Iterative_Robot
20:52:59 **** Incremental Build of configuration Debug for project CAN Talon SRX ****
Info: Internal Builder is used for build
arm-frc-linux-gnueabi-g++ -std=c++1y "-IC:\\Users\\Bonnie/wpilib/cpp/current/include" "-IC:\\Users\\Bonnie\\Documents\\GitHub\\2016\\CAN Talon SRX\\src" -O0 -g3 -Wall -c -fmessage-length=0 -o "src\\Robot.o" "..\\src\\Robot.cpp" 
arm-frc-linux-gnueabi-g++ "-LC:\\Users\\Bonnie/wpilib/cpp/current/lib" -Wl,-rpath,/opt/GenICam_v2_3/bin/Linux_armv7-a,-rpath,/usr/local/frc/rpath-lib -o FRCUserProgram "src\\Robot.o" -lwpi 
Info: Nothing to build for CAN Talon SRX
Info: Nothing to build for Iterative_Robot
20:53:54 **** Incremental Build of configuration Debug for project CAN Talon SRX ****
Info: Internal Builder is used for build
arm-frc-linux-gnueabi-g++ -std=c++1y "-IC:\\Users\\Bonnie/wpilib/cpp/current/include" "-IC:\\Users\\Bonnie\\Documents\\GitHub\\2016\\CAN Talon SRX\\src" -O0 -g3 -Wall -c -fmessage-length=0 -o "src\\Robot.o" "..\\src\\Robot.cpp" 
arm-frc-linux-gnueabi-g++ "-LC:\\Users\\Bonnie/wpilib/cpp/current/lib" -Wl,-rpath,/opt/GenICam_v2_3/bin/Linux_armv7-a,-rpath,/usr/local/frc/rpath-lib -o FRCUserProgram "src\\Robot.o" -lwpi 
Info: Nothing to build for CAN Talon SRX
Info: Nothing to build for Iterative_Robot
19:12:01 **** Incremental Build of configuration Debug for project Iterative_Robot ****
Info: Internal Builder is used for build
arm-frc-linux-gnueabi-g++ -std=c++1y "-IC:\\Users\\Bonnie/wpilib/cpp/current/include" "-IC:\\Users\\Bonnie\\Documents\\GitHub\\2016\\Iterative_Robot\\src" -O0 -g3 -Wall -c -fmessage-length=0 -o "src\\VisionSystem.o" "..\\src\\VisionSystem.cpp" 
arm-frc-linux-gnueabi-g++ -std=c++1y "-IC:\\Users\\Bonnie/wpilib/cpp/current/include" "-IC:\\Users\\Bonnie\\Documents\\GitHub\\2016\\Iterative_Robot\\src" -O0 -g3 -Wall -c -fmessage-length=0 -o "src\\Robot.o" "..\\src\\Robot.cpp" 
arm-frc-linux-gnueabi-g++ "-LC:\\Users\\Bonnie/wpilib/cpp/current/lib" -Wl,-rpath,/opt/GenICam_v2_3/bin/Linux_armv7-a,-rpath,/usr/local/frc/rpath-lib -o FRCUserProgram "src\\Robot.o" "src\\VisionSystem.o" -lwpi 
Info: Nothing to build for CAN Talon SRX
Info: Nothing to build for Iterative_Robot
19:14:55 **** Incremental Build of configuration Debug for project Iterative_Robot ****
Info: Internal Builder is used for build
arm-frc-linux-gnueabi-g++ -std=c++1y "-IC:\\Users\\Bonnie/wpilib/cpp/current/include" "-IC:\\Users\\Bonnie\\Documents\\GitHub\\2016\\Iterative_Robot\\src" -O0 -g3 -Wall -c -fmessage-length=0 -o "src\\VisionSystem.o" "..\\src\\VisionSystem.cpp" 
arm-frc-linux-gnueabi-g++ -std=c++1y "-IC:\\Users\\Bonnie/wpilib/cpp/current/include" "-IC:\\Users\\Bonnie\\Documents\\GitHub\\2016\\Iterative_Robot\\src" -O0 -g3 -Wall -c -fmessage-length=0 -o "src\\Robot.o" "..\\src\\Robot.cpp" 
arm-frc-linux-gnueabi-g++ "-LC:\\Users\\Bonnie/wpilib/cpp/current/lib" -Wl,-rpath,/opt/GenICam_v2_3/bin/Linux_armv7-a,-rpath,/usr/local/frc/rpath-lib -o FRCUserProgram "src\\Robot.o" "src\\VisionSystem.o" -lwpi 
Info: Nothing to build for CAN Talon SRX
Info: Nothing to build for Iterative_Robot
Info: Nothing to build for Iterative_Robot
Info: Nothing to build for CAN Talon SRX
Info: Nothing to build for Iterative_Robot
Info: Nothing to build for Iterative_Robot
Info: Nothing to build for CAN Talon SRX
Info: Nothing to build for Iterative_Robot
19:21:27 **** Incremental Build of configuration Debug for project Iterative_Robot ****
Info: Internal Builder is used for build
arm-frc-linux-gnueabi-g++ -std=c++1y "-IC:\\Users\\Bonnie/wpilib/cpp/current/include" "-IC:\\Users\\Bonnie\\Documents\\GitHub\\2016\\Iterative_Robot\\src" -O0 -g3 -Wall -c -fmessage-length=0 -o "src\\Robot.o" "..\\src\\Robot.cpp" 
arm-frc-linux-gnueabi-g++ -std=c++1y "-IC:\\Users\\Bonnie/wpilib/cpp/current/include" "-IC:\\Users\\Bonnie\\Documents\\GitHub\\2016\\Iterative_Robot\\src" -O0 -g3 -Wall -c -fmessage-length=0 -o "src\\VisionSystem.o" "..\\src\\VisionSystem.cpp" 
arm-frc-linux-gnueabi-g++ "-LC:\\Users\\Bonnie/wpilib/cpp/current/lib" -Wl,-rpath,/opt/GenICam_v2_3/bin/Linux_armv7-a,-rpath,/usr/local/frc/rpath-lib -o FRCUserProgram "src\\Robot.o" "src\\VisionSystem.o" -lwpi 
Info: Nothing to build for CAN Talon SRX
Info: Nothing to build for Iterative_Robot
19:23:56 **** Incremental Build of configuration Debug for project Iterative_Robot ****
Info: Internal Builder is used for build
arm-frc-linux-gnueabi-g++ -std=c++1y "-IC:\\Users\\Bonnie/wpilib/cpp/current/include" "-IC:\\Users\\Bonnie\\Documents\\GitHub\\2016\\Iterative_Robot\\src" -O0 -g3 -Wall -c -fmessage-length=0 -o "src\\VisionSystem.o" "..\\src\\VisionSystem.cpp" 
arm-frc-linux-gnueabi-g++ -std=c++1y "-IC:\\Users\\Bonnie/wpilib/cpp/current/include" "-IC:\\Users\\Bonnie\\Documents\\GitHub\\2016\\Iterative_Robot\\src" -O0 -g3 -Wall -c -fmessage-length=0 -o "src\\Robot.o" "..\\src\\Robot.cpp" 
arm-frc-linux-gnueabi-g++ "-LC:\\Users\\Bonnie/wpilib/cpp/current/lib" -Wl,-rpath,/opt/GenICam_v2_3/bin/Linux_armv7-a,-rpath,/usr/local/frc/rpath-lib -o FRCUserProgram "src\\Robot.o" "src\\VisionSystem.o" -lwpi 
Info: Nothing to build for CAN Talon SRX
Info: Nothing to build for Iterative_Robot
Info: Nothing to build for Iterative_Robot
Info: Nothing to build for CAN Talon SRX
19:26:33 **** Incremental Build of configuration Debug for project Iterative_Robot ****
Info: Internal Builder is used for build
arm-frc-linux-gnueabi-g++ -std=c++1y "-IC:\\Users\\Bonnie/wpilib/cpp/current/include" "-IC:\\Users\\Bonnie\\Documents\\GitHub\\2016\\Iterative_Robot\\src" -O0 -g3 -Wall -c -fmessage-length=0 -o "src\\Robot.o" "..\\src\\Robot.cpp" 
arm-frc-linux-gnueabi-g++ "-LC:\\Users\\Bonnie/wpilib/cpp/current/lib" -Wl,-rpath,/opt/GenICam_v2_3/bin/Linux_armv7-a,-rpath,/usr/local/frc/rpath-lib -o FRCUserProgram "src\\Robot.o" "src\\VisionSystem.o" -lwpi 
19:42:22 **** Incremental Build of configuration Debug for project Iterative_Robot ****
Info: Internal Builder is used for build
arm-frc-linux-gnueabi-g++ -std=c++1y "-IC:\\Users\\Bonnie/wpilib/cpp/current/include" "-IC:\\Users\\Bonnie\\Documents\\GitHub\\2016\\Iterative_Robot\\src" -O0 -g3 -Wall -c -fmessage-length=0 -o "src\\VisionSystem.o" "..\\src\\VisionSystem.cpp" 
arm-frc-linux-gnueabi-g++ -std=c++1y "-IC:\\Users\\Bonnie/wpilib/cpp/current/include" "-IC:\\Users\\Bonnie\\Documents\\GitHub\\2016\\Iterative_Robot\\src" -O0 -g3 -Wall -c -fmessage-length=0 -o "src\\Robot.o" "..\\src\\Robot.cpp" 
arm-frc-linux-gnueabi-g++ "-LC:\\Users\\Bonnie/wpilib/cpp/current/lib" -Wl,-rpath,/opt/GenICam_v2_3/bin/Linux_armv7-a,-rpath,/usr/local/frc/rpath-lib -o FRCUserProgram "src\\Robot.o" "src\\VisionSystem.o" -lwpi 
Info: Nothing to build for CAN Talon SRX
Info: Nothing to build for Iterative_Robot
Info: Nothing to build for Iterative_Robot
Info: Nothing to build for CAN Talon SRX
Info: Nothing to build for Iterative_Robot
Info: Nothing to build for Iterative_Robot
Info: Nothing to build for CAN Talon SRX
Info: Nothing to build for Iterative_Robot
19:51:08 **** Incremental Build of configuration Debug for project Iterative_Robot ****
Info: Internal Builder is used for build
arm-frc-linux-gnueabi-g++ -std=c++1y "-IC:\\Users\\Bonnie/wpilib/cpp/current/include" "-IC:\\Users\\Bonnie\\Documents\\GitHub\\2016\\Iterative_Robot\\src" -O0 -g3 -Wall -c -fmessage-length=0 -o "src\\Robot.o" "..\\src\\Robot.cpp" 
arm-frc-linux-gnueabi-g++ "-LC:\\Users\\Bonnie/wpilib/cpp/current/lib" -Wl,-rpath,/opt/GenICam_v2_3/bin/Linux_armv7-a,-rpath,/usr/local/frc/rpath-lib -o FRCUserProgram "src\\Robot.o" "src\\VisionSystem.o" -lwpi 
Info: Nothing to build for CAN Talon SRX
Info: Nothing to build for Iterative_Robot
Info: Nothing to build for Iterative_Robot
Info: Nothing to build for CAN Talon SRX
19:54:38 **** Incremental Build of configuration Debug for project Iterative_Robot ****
Info: Internal Builder is used for build
arm-frc-linux-gnueabi-g++ -std=c++1y "-IC:\\Users\\Bonnie/wpilib/cpp/current/include" "-IC:\\Users\\Bonnie\\Documents\\GitHub\\2016\\Iterative_Robot\\src" -O0 -g3 -Wall -c -fmessage-length=0 -o "src\\Robot.o" "..\\src\\Robot.cpp" 
arm-frc-linux-gnueabi-g++ "-LC:\\Users\\Bonnie/wpilib/cpp/current/lib" -Wl,-rpath,/opt/GenICam_v2_3/bin/Linux_armv7-a,-rpath,/usr/local/frc/rpath-lib -o FRCUserProgram "src\\Robot.o" "src\\VisionSystem.o" -lwpi 
